{
    "critiques": {
        "680": {
            "rubric_items": {
                "7303": {
                    "autograded": true,
                    "result": "failed",
                    "observation": "Not all of the tests passed.\n\n```\n************************************************************************\n                         Test Failure Feedback                          \n************************************************************************\n\nFailed Test: 14. Submission includes heuristic_analysis.pdf\n----------------------------------------------------------------------\nAssertionError: False is not true : You must submit a report named heuristic_analysis.pdf for review.\n\n\nFailed Test: 15. Submission includes research_review.pdf\n----------------------------------------------------------------------\nAssertionError: False is not true : You must submit a report named research_review.pdf for review.\n\n\n************************************************************************\n                          Test Result Summary                           \n************************************************************************\n\n14. Submission includes heuristic_analysis.pdf:                        F\n15. Submission includes research_review.pdf:                           F\n\n------------------------------------------------------------------------\n            . - Test Passed    F - Test Failed    E - Error             \n\n```"
                },
                "5510": {
                    "autograded": true,
                    "result": "failed",
                    "observation": "Not all of the tests passed.\n\n```\n************************************************************************\n                         Test Failure Feedback                          \n************************************************************************\n\nFailed Test: 6. Test the interface of AlphaBetaPlayer.get_move()\n----------------------------------------------------------------------\nAssertionError: False is not true : The AlphaBetaPlayer.get_move() function failed as player 1 on an empty board. It should return coordinates on the game board for the location of the agent's next move. The move must be one of the legal moves on the current game board. Your function returned None which is not in the list of legal moves [(0, 0), (1, 0), (2, 0), (3, 0), (4, 0), (5, 0), (6, 0), (7, 0), (8, 0), (0, 1), (1, 1), (2, 1), (3, 1), (4, 1), (5, 1), (6, 1), (7, 1), (8, 1), (0, 2), (1, 2), (2, 2), (3, 2), (4, 2), (5, 2), (6, 2), (7, 2), (8, 2), (0, 3), (1, 3), (2, 3), (3, 3), (4, 3), (5, 3), (6, 3), (7, 3), (8, 3), (0, 4), (1, 4), (2, 4), (3, 4), (4, 4), (5, 4), (6, 4), (7, 4), (8, 4), (0, 5), (1, 5), (2, 5), (3, 5), (4, 5), (5, 5), (6, 5), (7, 5), (8, 5), (0, 6), (1, 6), (2, 6), (3, 6), (4, 6), (5, 6), (6, 6), (7, 6), (8, 6), (0, 7), (1, 7), (2, 7), (3, 7), (4, 7), (5, 7), (6, 7), (7, 7), (8, 7), (0, 8), (1, 8), (2, 8), (3, 8), (4, 8), (5, 8), (6, 8), (7, 8), (8, 8)]\n\n\n************************************************************************\n                          Test Result Summary                           \n************************************************************************\n\n1. Test output interface of MinimaxPlayer.minimax():                   .\n2. Test functionality of MinimaxPlayer.minimax():                      .\n3. Test that minimax() raises SearchTimeout when the timer expires:    .\n4. Test that MinimaxPlayer successfully plays a full game:             .\n5. Test interface of AlphaBetaPlayer.alphabeta():                      .\n6. Test the interface of AlphaBetaPlayer.get_move():                   F\n7. Test functionality of AlphaBetaPlayer.alphabeta():                  .\n8. Test that alphabeta() raises SearchTimeout when the timer expires:  .\n9. Test iterative deepening in AlphaBetaPlayer.get_move():             .\n10. Test that AlphaBetaPlayer successfully plays a full game:          .\n11. Test output interface of custom_score():                           .\n12. Test output interface of custom_score_2():                         .\n13. Test output interface of custom_score_3():                         .\n\n------------------------------------------------------------------------\n            . - Test Passed    F - Test Failed    E - Error             \n\n```"
                }
            }
        }
    }
}